<?xml version="1.0" encoding="UTF-8"?>
<testsuite name="com.jaeminsung.controller.KafkaMonitoringControllerTest" tests="2" skipped="0" failures="0" errors="0" timestamp="2016-05-01T05:58:28" hostname="Jaemins-MBP.fios-router.home" time="1.675">
  <properties/>
  <testcase name="testKafkaMonitoringControllerOffsetTracker" classname="com.jaeminsung.controller.KafkaMonitoringControllerTest" time="1.636"/>
  <testcase name="testKafkaMonitoringControllerBrokerTracker" classname="com.jaeminsung.controller.KafkaMonitoringControllerTest" time="0.037"/>
  <system-out><![CDATA[]]></system-out>
  <system-err><![CDATA[log4j:WARN No appenders could be found for logger (org.springframework.core.env.StandardEnvironment).
log4j:WARN Please initialize the log4j system properly.
log4j:WARN See http://logging.apache.org/log4j/1.2/faq.html#noconfig for more info.
]]></system-err>
</testsuite>
