<?xml version="1.0" encoding="UTF-8"?>
<testsuite name="com.jaeminsung.domain.OffsetInfoTest" tests="2" skipped="0" failures="0" errors="0" timestamp="2016-05-01T05:58:30" hostname="Jaemins-MBP.fios-router.home" time="0.001">
  <properties/>
  <testcase name="testOffsetInfoWithInvalidLatestOffset" classname="com.jaeminsung.domain.OffsetInfoTest" time="0.0"/>
  <testcase name="testOffsetInfo" classname="com.jaeminsung.domain.OffsetInfoTest" time="0.0"/>
  <system-out><![CDATA[]]></system-out>
  <system-err><![CDATA[]]></system-err>
</testsuite>
